This is pdfTeX, Version 3.14159265-2.6-1.40.21 (TeX Live 2020/W32TeX) (preloaded format=pdflatex 2020.10.19)  10 APR 2023 14:12
entering extended mode
 restricted \write18 enabled.
 %&-line parsing enabled.
**My_posta.tex
(./My_posta.tex
LaTeX2e <2020-10-01> patch level 1
L3 programming layer <2020-10-05> xparse <2020-03-03>
(d:/apps/TexLive/texlive/2020/texmf-dist/tex/latex/beamer/beamer.cls
Document Class: beamer 2020/07/22 v3.59 A class for typesetting presentations
(d:/apps/TexLive/texlive/2020/texmf-dist/tex/latex/beamer/beamerbasemodes.sty
(d:/apps/TexLive/texlive/2020/texmf-dist/tex/latex/etoolbox/etoolbox.sty
Package: etoolbox 2020/10/05 v2.5k e-TeX tools for LaTeX (JAW)
\etb@tempcnta=\count175
)
\beamer@tempbox=\box47
\beamer@tempcount=\count176
\c@beamerpauses=\count177

(d:/apps/TexLive/texlive/2020/texmf-dist/tex/latex/beamer/beamerbasedecode.sty
\beamer@slideinframe=\count178
\beamer@minimum=\count179
\beamer@decode@box=\box48
)
\beamer@commentbox=\box49
\beamer@modecount=\count180
) (d:/apps/TexLive/texlive/2020/texmf-dist/tex/generic/iftex/ifpdf.sty
Package: ifpdf 2019/10/25 v3.4 ifpdf legacy package. Use iftex instead.

(d:/apps/TexLive/texlive/2020/texmf-dist/tex/generic/iftex/iftex.sty
Package: iftex 2020/03/06 v1.0d TeX engine tests
))
\headdp=\dimen138
\footheight=\dimen139
\sidebarheight=\dimen140
\beamer@tempdim=\dimen141
\beamer@finalheight=\dimen142
\beamer@animht=\dimen143
\beamer@animdp=\dimen144
\beamer@animwd=\dimen145
\beamer@leftmargin=\dimen146
\beamer@rightmargin=\dimen147
\beamer@leftsidebar=\dimen148
\beamer@rightsidebar=\dimen149
\beamer@boxsize=\dimen150
\beamer@vboxoffset=\dimen151
\beamer@descdefault=\dimen152
\beamer@descriptionwidth=\dimen153
\beamer@lastskip=\skip47
\beamer@areabox=\box50
\beamer@animcurrent=\box51
\beamer@animshowbox=\box52
\beamer@sectionbox=\box53
\beamer@logobox=\box54
\beamer@linebox=\box55
\beamer@sectioncount=\count181
\beamer@subsubsectionmax=\count182
\beamer@subsectionmax=\count183
\beamer@sectionmax=\count184
\beamer@totalheads=\count185
\beamer@headcounter=\count186
\beamer@partstartpage=\count187
\beamer@sectionstartpage=\count188
\beamer@subsectionstartpage=\count189
\beamer@animationtempa=\count190
\beamer@animationtempb=\count191
\beamer@xpos=\count192
\beamer@ypos=\count193
\beamer@ypos@offset=\count194
\beamer@showpartnumber=\count195
\beamer@currentsubsection=\count196
\beamer@coveringdepth=\count197
\beamer@sectionadjust=\count198
\beamer@tocsectionnumber=\count199

(d:/apps/TexLive/texlive/2020/texmf-dist/tex/latex/beamer/beamerbaseoptions.sty
(d:/apps/TexLive/texlive/2020/texmf-dist/tex/latex/graphics/keyval.sty
Package: keyval 2014/10/28 v1.15 key=value parser (DPC)
\KV@toks@=\toks15
))
\beamer@paperwidth=\skip48
\beamer@paperheight=\skip49

(d:/apps/TexLive/texlive/2020/texmf-dist/tex/latex/geometry/geometry.sty
Package: geometry 2020/01/02 v5.9 Page Geometry

(d:/apps/TexLive/texlive/2020/texmf-dist/tex/generic/iftex/ifvtex.sty
Package: ifvtex 2019/10/25 v1.7 ifvtex legacy package. Use iftex instead.
)
\Gm@cnth=\count266
\Gm@cntv=\count267
\c@Gm@tempcnt=\count268
\Gm@bindingoffset=\dimen154
\Gm@wd@mp=\dimen155
\Gm@odd@mp=\dimen156
\Gm@even@mp=\dimen157
\Gm@layoutwidth=\dimen158
\Gm@layoutheight=\dimen159
\Gm@layouthoffset=\dimen160
\Gm@layoutvoffset=\dimen161
\Gm@dimlist=\toks16
)
(d:/apps/TexLive/texlive/2020/texmf-dist/tex/latex/base/size11.clo
File: size11.clo 2020/04/10 v1.4m Standard LaTeX file (size option)
)
(d:/apps/TexLive/texlive/2020/texmf-dist/tex/latex/pgf/basiclayer/pgfcore.sty
(d:/apps/TexLive/texlive/2020/texmf-dist/tex/latex/graphics/graphicx.sty
Package: graphicx 2020/09/09 v1.2b Enhanced LaTeX Graphics (DPC,SPQR)

(d:/apps/TexLive/texlive/2020/texmf-dist/tex/latex/graphics/graphics.sty
Package: graphics 2020/08/30 v1.4c Standard LaTeX Graphics (DPC,SPQR)

(d:/apps/TexLive/texlive/2020/texmf-dist/tex/latex/graphics/trig.sty
Package: trig 2016/01/03 v1.10 sin cos tan (DPC)
)
(d:/apps/TexLive/texlive/2020/texmf-dist/tex/latex/graphics-cfg/graphics.cfg
File: graphics.cfg 2016/06/04 v1.11 sample graphics configuration
)
Package graphics Info: Driver file: pdftex.def on input line 105.

(d:/apps/TexLive/texlive/2020/texmf-dist/tex/latex/graphics-def/pdftex.def
File: pdftex.def 2020/10/05 v1.2a Graphics/color driver for pdftex
))
\Gin@req@height=\dimen162
\Gin@req@width=\dimen163
)
(d:/apps/TexLive/texlive/2020/texmf-dist/tex/latex/pgf/systemlayer/pgfsys.sty
(d:/apps/TexLive/texlive/2020/texmf-dist/tex/latex/pgf/utilities/pgfrcs.sty
(d:/apps/TexLive/texlive/2020/texmf-dist/tex/generic/pgf/utilities/pgfutil-comm
on.tex
\pgfutil@everybye=\toks17
\pgfutil@tempdima=\dimen164
\pgfutil@tempdimb=\dimen165

(d:/apps/TexLive/texlive/2020/texmf-dist/tex/generic/pgf/utilities/pgfutil-comm
on-lists.tex))
(d:/apps/TexLive/texlive/2020/texmf-dist/tex/generic/pgf/utilities/pgfutil-late
x.def
\pgfutil@abb=\box56
)
(d:/apps/TexLive/texlive/2020/texmf-dist/tex/generic/pgf/utilities/pgfrcs.code.
tex (d:/apps/TexLive/texlive/2020/texmf-dist/tex/generic/pgf/pgf.revision.tex)
Package: pgfrcs 2020/10/01 v3.1.6a (3.1.6a)
))
(d:/apps/TexLive/texlive/2020/texmf-dist/tex/generic/pgf/systemlayer/pgfsys.cod
e.tex
Package: pgfsys 2020/10/01 v3.1.6a (3.1.6a)

(d:/apps/TexLive/texlive/2020/texmf-dist/tex/generic/pgf/utilities/pgfkeys.code
.tex
\pgfkeys@pathtoks=\toks18
\pgfkeys@temptoks=\toks19

(d:/apps/TexLive/texlive/2020/texmf-dist/tex/generic/pgf/utilities/pgfkeysfilte
red.code.tex
\pgfkeys@tmptoks=\toks20
))
\pgf@x=\dimen166
\pgf@y=\dimen167
\pgf@xa=\dimen168
\pgf@ya=\dimen169
\pgf@xb=\dimen170
\pgf@yb=\dimen171
\pgf@xc=\dimen172
\pgf@yc=\dimen173
\pgf@xd=\dimen174
\pgf@yd=\dimen175
\w@pgf@writea=\write3
\r@pgf@reada=\read2
\c@pgf@counta=\count269
\c@pgf@countb=\count270
\c@pgf@countc=\count271
\c@pgf@countd=\count272
\t@pgf@toka=\toks21
\t@pgf@tokb=\toks22
\t@pgf@tokc=\toks23
\pgf@sys@id@count=\count273

(d:/apps/TexLive/texlive/2020/texmf-dist/tex/generic/pgf/systemlayer/pgf.cfg
File: pgf.cfg 2020/10/01 v3.1.6a (3.1.6a)
)
Driver file for pgf: pgfsys-pdftex.def

(d:/apps/TexLive/texlive/2020/texmf-dist/tex/generic/pgf/systemlayer/pgfsys-pdf
tex.def
File: pgfsys-pdftex.def 2020/10/01 v3.1.6a (3.1.6a)

(d:/apps/TexLive/texlive/2020/texmf-dist/tex/generic/pgf/systemlayer/pgfsys-com
mon-pdf.def
File: pgfsys-common-pdf.def 2020/10/01 v3.1.6a (3.1.6a)
)))
(d:/apps/TexLive/texlive/2020/texmf-dist/tex/generic/pgf/systemlayer/pgfsyssoft
path.code.tex
File: pgfsyssoftpath.code.tex 2020/10/01 v3.1.6a (3.1.6a)
\pgfsyssoftpath@smallbuffer@items=\count274
\pgfsyssoftpath@bigbuffer@items=\count275
)
(d:/apps/TexLive/texlive/2020/texmf-dist/tex/generic/pgf/systemlayer/pgfsysprot
ocol.code.tex
File: pgfsysprotocol.code.tex 2020/10/01 v3.1.6a (3.1.6a)
))
(d:/apps/TexLive/texlive/2020/texmf-dist/tex/latex/xcolor/xcolor.sty
Package: xcolor 2016/05/11 v2.12 LaTeX color extensions (UK)

(d:/apps/TexLive/texlive/2020/texmf-dist/tex/latex/graphics-cfg/color.cfg
File: color.cfg 2016/01/02 v1.6 sample color configuration
)
Package xcolor Info: Driver file: pdftex.def on input line 225.
Package xcolor Info: Model `cmy' substituted by `cmy0' on input line 1348.
Package xcolor Info: Model `hsb' substituted by `rgb' on input line 1352.
Package xcolor Info: Model `RGB' extended on input line 1364.
Package xcolor Info: Model `HTML' substituted by `rgb' on input line 1366.
Package xcolor Info: Model `Hsb' substituted by `hsb' on input line 1367.
Package xcolor Info: Model `tHsb' substituted by `hsb' on input line 1368.
Package xcolor Info: Model `HSB' substituted by `hsb' on input line 1369.
Package xcolor Info: Model `Gray' substituted by `gray' on input line 1370.
Package xcolor Info: Model `wave' substituted by `hsb' on input line 1371.
)
(d:/apps/TexLive/texlive/2020/texmf-dist/tex/generic/pgf/basiclayer/pgfcore.cod
e.tex
Package: pgfcore 2020/10/01 v3.1.6a (3.1.6a)

(d:/apps/TexLive/texlive/2020/texmf-dist/tex/generic/pgf/math/pgfmath.code.tex
(d:/apps/TexLive/texlive/2020/texmf-dist/tex/generic/pgf/math/pgfmathcalc.code.
tex
(d:/apps/TexLive/texlive/2020/texmf-dist/tex/generic/pgf/math/pgfmathutil.code.
tex)
(d:/apps/TexLive/texlive/2020/texmf-dist/tex/generic/pgf/math/pgfmathparser.cod
e.tex
\pgfmath@dimen=\dimen176
\pgfmath@count=\count276
\pgfmath@box=\box57
\pgfmath@toks=\toks24
\pgfmath@stack@operand=\toks25
\pgfmath@stack@operation=\toks26
)
(d:/apps/TexLive/texlive/2020/texmf-dist/tex/generic/pgf/math/pgfmathfunctions.
code.tex
(d:/apps/TexLive/texlive/2020/texmf-dist/tex/generic/pgf/math/pgfmathfunctions.
basic.code.tex)
(d:/apps/TexLive/texlive/2020/texmf-dist/tex/generic/pgf/math/pgfmathfunctions.
trigonometric.code.tex)
(d:/apps/TexLive/texlive/2020/texmf-dist/tex/generic/pgf/math/pgfmathfunctions.
random.code.tex)
(d:/apps/TexLive/texlive/2020/texmf-dist/tex/generic/pgf/math/pgfmathfunctions.
comparison.code.tex)
(d:/apps/TexLive/texlive/2020/texmf-dist/tex/generic/pgf/math/pgfmathfunctions.
base.code.tex)
(d:/apps/TexLive/texlive/2020/texmf-dist/tex/generic/pgf/math/pgfmathfunctions.
round.code.tex)
(d:/apps/TexLive/texlive/2020/texmf-dist/tex/generic/pgf/math/pgfmathfunctions.
misc.code.tex)
(d:/apps/TexLive/texlive/2020/texmf-dist/tex/generic/pgf/math/pgfmathfunctions.
integerarithmetics.code.tex)))
(d:/apps/TexLive/texlive/2020/texmf-dist/tex/generic/pgf/math/pgfmathfloat.code
.tex
\c@pgfmathroundto@lastzeros=\count277
))
(d:/apps/TexLive/texlive/2020/texmf-dist/tex/generic/pgf/math/pgfint.code.tex)
(d:/apps/TexLive/texlive/2020/texmf-dist/tex/generic/pgf/basiclayer/pgfcorepoin
ts.code.tex
File: pgfcorepoints.code.tex 2020/10/01 v3.1.6a (3.1.6a)
\pgf@picminx=\dimen177
\pgf@picmaxx=\dimen178
\pgf@picminy=\dimen179
\pgf@picmaxy=\dimen180
\pgf@pathminx=\dimen181
\pgf@pathmaxx=\dimen182
\pgf@pathminy=\dimen183
\pgf@pathmaxy=\dimen184
\pgf@xx=\dimen185
\pgf@xy=\dimen186
\pgf@yx=\dimen187
\pgf@yy=\dimen188
\pgf@zx=\dimen189
\pgf@zy=\dimen190
)
(d:/apps/TexLive/texlive/2020/texmf-dist/tex/generic/pgf/basiclayer/pgfcorepath
construct.code.tex
File: pgfcorepathconstruct.code.tex 2020/10/01 v3.1.6a (3.1.6a)
\pgf@path@lastx=\dimen191
\pgf@path@lasty=\dimen192
)
(d:/apps/TexLive/texlive/2020/texmf-dist/tex/generic/pgf/basiclayer/pgfcorepath
usage.code.tex
File: pgfcorepathusage.code.tex 2020/10/01 v3.1.6a (3.1.6a)
\pgf@shorten@end@additional=\dimen193
\pgf@shorten@start@additional=\dimen194
)
(d:/apps/TexLive/texlive/2020/texmf-dist/tex/generic/pgf/basiclayer/pgfcorescop
es.code.tex
File: pgfcorescopes.code.tex 2020/10/01 v3.1.6a (3.1.6a)
\pgfpic=\box58
\pgf@hbox=\box59
\pgf@layerbox@main=\box60
\pgf@picture@serial@count=\count278
)
(d:/apps/TexLive/texlive/2020/texmf-dist/tex/generic/pgf/basiclayer/pgfcoregrap
hicstate.code.tex
File: pgfcoregraphicstate.code.tex 2020/10/01 v3.1.6a (3.1.6a)
\pgflinewidth=\dimen195
)
(d:/apps/TexLive/texlive/2020/texmf-dist/tex/generic/pgf/basiclayer/pgfcoretran
sformations.code.tex
File: pgfcoretransformations.code.tex 2020/10/01 v3.1.6a (3.1.6a)
\pgf@pt@x=\dimen196
\pgf@pt@y=\dimen197
\pgf@pt@temp=\dimen198
)
(d:/apps/TexLive/texlive/2020/texmf-dist/tex/generic/pgf/basiclayer/pgfcorequic
k.code.tex
File: pgfcorequick.code.tex 2020/10/01 v3.1.6a (3.1.6a)
)
(d:/apps/TexLive/texlive/2020/texmf-dist/tex/generic/pgf/basiclayer/pgfcoreobje
cts.code.tex
File: pgfcoreobjects.code.tex 2020/10/01 v3.1.6a (3.1.6a)
)
(d:/apps/TexLive/texlive/2020/texmf-dist/tex/generic/pgf/basiclayer/pgfcorepath
processing.code.tex
File: pgfcorepathprocessing.code.tex 2020/10/01 v3.1.6a (3.1.6a)
)
(d:/apps/TexLive/texlive/2020/texmf-dist/tex/generic/pgf/basiclayer/pgfcorearro
ws.code.tex
File: pgfcorearrows.code.tex 2020/10/01 v3.1.6a (3.1.6a)
\pgfarrowsep=\dimen199
)
(d:/apps/TexLive/texlive/2020/texmf-dist/tex/generic/pgf/basiclayer/pgfcoreshad
e.code.tex
File: pgfcoreshade.code.tex 2020/10/01 v3.1.6a (3.1.6a)
\pgf@max=\dimen256
\pgf@sys@shading@range@num=\count279
\pgf@shadingcount=\count280
)
(d:/apps/TexLive/texlive/2020/texmf-dist/tex/generic/pgf/basiclayer/pgfcoreimag
e.code.tex
File: pgfcoreimage.code.tex 2020/10/01 v3.1.6a (3.1.6a)

(d:/apps/TexLive/texlive/2020/texmf-dist/tex/generic/pgf/basiclayer/pgfcoreexte
rnal.code.tex
File: pgfcoreexternal.code.tex 2020/10/01 v3.1.6a (3.1.6a)
\pgfexternal@startupbox=\box61
))
(d:/apps/TexLive/texlive/2020/texmf-dist/tex/generic/pgf/basiclayer/pgfcorelaye
rs.code.tex
File: pgfcorelayers.code.tex 2020/10/01 v3.1.6a (3.1.6a)
)
(d:/apps/TexLive/texlive/2020/texmf-dist/tex/generic/pgf/basiclayer/pgfcoretran
sparency.code.tex
File: pgfcoretransparency.code.tex 2020/10/01 v3.1.6a (3.1.6a)
)
(d:/apps/TexLive/texlive/2020/texmf-dist/tex/generic/pgf/basiclayer/pgfcorepatt
erns.code.tex
File: pgfcorepatterns.code.tex 2020/10/01 v3.1.6a (3.1.6a)
)
(d:/apps/TexLive/texlive/2020/texmf-dist/tex/generic/pgf/basiclayer/pgfcorerdf.
code.tex
File: pgfcorerdf.code.tex 2020/10/01 v3.1.6a (3.1.6a)
)))
(d:/apps/TexLive/texlive/2020/texmf-dist/tex/latex/pgf/utilities/xxcolor.sty
Package: xxcolor 2003/10/24 ver 0.1
\XC@nummixins=\count281
\XC@countmixins=\count282
)
(d:/apps/TexLive/texlive/2020/texmf-dist/tex/latex/base/atbegshi-ltx.sty
Package: atbegshi-ltx 2020/08/17 v1.0a Emulation of the original atbegshi packa
ge
with kernel methods
)
(d:/apps/TexLive/texlive/2020/texmf-dist/tex/latex/hyperref/hyperref.sty
Package: hyperref 2020-05-15 v7.00e Hypertext links for LaTeX

(d:/apps/TexLive/texlive/2020/texmf-dist/tex/generic/ltxcmds/ltxcmds.sty
Package: ltxcmds 2020-05-10 v1.25 LaTeX kernel commands for general use (HO)
)
(d:/apps/TexLive/texlive/2020/texmf-dist/tex/generic/pdftexcmds/pdftexcmds.sty
Package: pdftexcmds 2020-06-27 v0.33 Utility functions of pdfTeX for LuaTeX (HO
)

(d:/apps/TexLive/texlive/2020/texmf-dist/tex/generic/infwarerr/infwarerr.sty
Package: infwarerr 2019/12/03 v1.5 Providing info/warning/error messages (HO)
)
Package pdftexcmds Info: \pdf@primitive is available.
Package pdftexcmds Info: \pdf@ifprimitive is available.
Package pdftexcmds Info: \pdfdraftmode found.
)
(d:/apps/TexLive/texlive/2020/texmf-dist/tex/generic/kvsetkeys/kvsetkeys.sty
Package: kvsetkeys 2019/12/15 v1.18 Key value parser (HO)
)
(d:/apps/TexLive/texlive/2020/texmf-dist/tex/generic/kvdefinekeys/kvdefinekeys.
sty
Package: kvdefinekeys 2019-12-19 v1.6 Define keys (HO)
)
(d:/apps/TexLive/texlive/2020/texmf-dist/tex/generic/pdfescape/pdfescape.sty
Package: pdfescape 2019/12/09 v1.15 Implements pdfTeX's escape features (HO)
)
(d:/apps/TexLive/texlive/2020/texmf-dist/tex/latex/hycolor/hycolor.sty
Package: hycolor 2020-01-27 v1.10 Color options for hyperref/bookmark (HO)
)
(d:/apps/TexLive/texlive/2020/texmf-dist/tex/latex/letltxmacro/letltxmacro.sty
Package: letltxmacro 2019/12/03 v1.6 Let assignment for LaTeX macros (HO)
) (d:/apps/TexLive/texlive/2020/texmf-dist/tex/latex/auxhook/auxhook.sty
Package: auxhook 2019-12-17 v1.6 Hooks for auxiliary files (HO)
)
(d:/apps/TexLive/texlive/2020/texmf-dist/tex/latex/kvoptions/kvoptions.sty
Package: kvoptions 2020-10-07 v3.14 Key value format for package options (HO)
)
\@linkdim=\dimen257
\Hy@linkcounter=\count283
\Hy@pagecounter=\count284

(d:/apps/TexLive/texlive/2020/texmf-dist/tex/latex/hyperref/pd1enc.def
File: pd1enc.def 2020-05-15 v7.00e Hyperref: PDFDocEncoding definition (HO)
Now handling font encoding PD1 ...
... no UTF-8 mapping file for font encoding PD1
)
(d:/apps/TexLive/texlive/2020/texmf-dist/tex/generic/intcalc/intcalc.sty
Package: intcalc 2019/12/15 v1.3 Expandable calculations with integers (HO)
)
(d:/apps/TexLive/texlive/2020/texmf-dist/tex/generic/etexcmds/etexcmds.sty
Package: etexcmds 2019/12/15 v1.7 Avoid name clashes with e-TeX commands (HO)
)
\Hy@SavedSpaceFactor=\count285
Package hyperref Info: Option `final' set `true' on input line 4338.
Package hyperref Info: Option `bookmarks' set `true' on input line 4338.
Package hyperref Info: Option `bookmarksopen' set `true' on input line 4338.
Package hyperref Info: Option `pdfpagelabels' set `false' on input line 4338.
Package hyperref Info: Option `implicit' set `false' on input line 4338.
Package hyperref Info: Hyper figures OFF on input line 4464.
Package hyperref Info: Link nesting OFF on input line 4469.
Package hyperref Info: Hyper index ON on input line 4472.
Package hyperref Info: Plain pages OFF on input line 4479.
Package hyperref Info: Backreferencing OFF on input line 4484.
Package hyperref Info: Implicit mode OFF; no redefinition of LaTeX internals.
Package hyperref Info: Bookmarks ON on input line 4717.
\c@Hy@tempcnt=\count286

(d:/apps/TexLive/texlive/2020/texmf-dist/tex/latex/url/url.sty
\Urlmuskip=\muskip16
Package: url 2013/09/16  ver 3.4  Verb mode for urls, etc.
)
LaTeX Info: Redefining \url on input line 5076.
\XeTeXLinkMargin=\dimen258

(d:/apps/TexLive/texlive/2020/texmf-dist/tex/generic/bitset/bitset.sty
Package: bitset 2019/12/09 v1.3 Handle bit-vector datatype (HO)

(d:/apps/TexLive/texlive/2020/texmf-dist/tex/generic/bigintcalc/bigintcalc.sty
Package: bigintcalc 2019/12/15 v1.5 Expandable calculations on big integers (HO
)
))
\Fld@menulength=\count287
\Field@Width=\dimen259
\Fld@charsize=\dimen260
Package hyperref Info: Hyper figures OFF on input line 6347.
Package hyperref Info: Link nesting OFF on input line 6352.
Package hyperref Info: Hyper index ON on input line 6355.
Package hyperref Info: backreferencing OFF on input line 6362.
Package hyperref Info: Link coloring OFF on input line 6367.
Package hyperref Info: Link coloring with OCG OFF on input line 6372.
Package hyperref Info: PDF/A mode OFF on input line 6377.
LaTeX Info: Redefining \ref on input line 6417.
LaTeX Info: Redefining \pageref on input line 6421.


Package hyperref Message: Stopped early.

)
Package hyperref Info: Driver (autodetected): hpdftex.
 (d:/apps/TexLive/texlive/2020/texmf-dist/tex/latex/hyperref/hpdftex.def
File: hpdftex.def 2020-05-15 v7.00e Hyperref driver for pdfTeX
\Fld@listcount=\count288
\c@bookmark@seq@number=\count289

(d:/apps/TexLive/texlive/2020/texmf-dist/tex/latex/rerunfilecheck/rerunfilechec
k.sty
Package: rerunfilecheck 2019/12/05 v1.9 Rerun checks for auxiliary files (HO)
 (d:/apps/TexLive/texlive/2020/texmf-dist/tex/latex/base/atveryend-ltx.sty
Package: atveryend-ltx 2020/08/19 v1.0a Emulation of the original atvery packag
e
with kernel methods
)
(d:/apps/TexLive/texlive/2020/texmf-dist/tex/generic/uniquecounter/uniquecounte
r.sty
Package: uniquecounter 2019/12/15 v1.4 Provide unlimited unique counter (HO)
)
Package uniquecounter Info: New unique counter `rerunfilecheck' on input line 2
86.
))
(d:/apps/TexLive/texlive/2020/texmf-dist/tex/latex/beamer/beamerbaserequires.st
y
(d:/apps/TexLive/texlive/2020/texmf-dist/tex/latex/beamer/beamerbasecompatibili
ty.sty)
(d:/apps/TexLive/texlive/2020/texmf-dist/tex/latex/beamer/beamerbasefont.sty
(d:/apps/TexLive/texlive/2020/texmf-dist/tex/latex/amsfonts/amssymb.sty
Package: amssymb 2013/01/14 v3.01 AMS font symbols

(d:/apps/TexLive/texlive/2020/texmf-dist/tex/latex/amsfonts/amsfonts.sty
Package: amsfonts 2013/01/14 v3.01 Basic AMSFonts support
\@emptytoks=\toks27
\symAMSa=\mathgroup4
\symAMSb=\mathgroup5
LaTeX Font Info:    Redeclaring math symbol \hbar on input line 98.
LaTeX Font Info:    Overwriting math alphabet `\mathfrak' in version `bold'
(Font)                  U/euf/m/n --> U/euf/b/n on input line 106.
))
(d:/apps/TexLive/texlive/2020/texmf-dist/tex/latex/sansmathaccent/sansmathaccen
t.sty
Package: sansmathaccent 2020/01/31

(d:/apps/TexLive/texlive/2020/texmf-dist/tex/latex/koma-script/scrlfile.sty
Package: scrlfile 2020/09/21 v3.32 KOMA-Script package (file load hooks)

(d:/apps/TexLive/texlive/2020/texmf-dist/tex/latex/koma-script/scrlfile-hook.st
y
Package: scrlfile-hook 2020/09/21 v3.32 KOMA-Script package (using LaTeX hooks)


LaTeX3 Info: Defining command \BeforeFile with sig. 'm' on line 61.


LaTeX3 Info: Defining command \AfterFile with sig. 'm' on line 65.


LaTeX3 Info: Defining command \BeforeClass with sig. 'm' on line 69.


LaTeX3 Info: Defining command \BeforePackage with sig. 'm' on line 73.


LaTeX3 Info: Defining command \AfterAtEndOfClass with sig. 'smo+m' on line 83.


LaTeX3 Info: Defining command \AfterAtEndOfPackage with sig. 'smo+m' on line
(LaTeX3)     93.


LaTeX3 Info: Defining command \scrlfile@AfterClass with sig. 'smo+m' on line
(LaTeX3)     173.


LaTeX3 Info: Defining command \AfterClass with sig. '' on line 174.


LaTeX3 Info: Defining command \scrlfile@AfterPackage with sig. 'smo+m' on line
(LaTeX3)     191.


LaTeX3 Info: Defining command \AfterPackage with sig. '' on line 192.


LaTeX3 Info: Defining command \ReplaceInput with sig. '' on line 193.


LaTeX3 Info: Defining command \ReplaceClass with sig. 'mm' on line 196.


LaTeX3 Info: Defining command \ReplacePackage with sig. 'mm' on line 199.


LaTeX3 Info: Defining command \UnReplaceInput with sig. '' on line 200.


LaTeX3 Info: Defining command \UnReplaceClass with sig. 'm' on line 203.


LaTeX3 Info: Defining command \UnReplacePackage with sig. 'mm' on line 206.


LaTeX3 Info: Defining command \PreventPackageFromLoading with sig. 's+om' on
(LaTeX3)     line 234.


LaTeX3 Info: Defining command \StorePreventPackageFromLoading with sig. 'm' on
(LaTeX3)     line 242.


LaTeX3 Info: Defining command \ResetPreventPackageFromLoading with sig. '' on
(LaTeX3)     line 247.


LaTeX3 Info: Defining command \UnPreventPackageFromLoading with sig. 'sm' on
(LaTeX3)     line 261.


LaTeX3 Info: Defining command \BeforeClosingMainAux with sig. 'om' on line
(LaTeX3)     274.


LaTeX3 Info: Defining command \AfterReadingMainAux with sig. 'om' on line 287.


LaTeX3 Info: Defining command \protected@immediate@write with sig. 'm+m+m' on
(LaTeX3)     line 298.

 (d:/apps/TexLive/texlive/2020/texmf-dist/tex/latex/koma-script/scrlogo.sty
Package: scrlogo 2020/09/21 v3.32 KOMA-Script package (logo)
)))))
(d:/apps/TexLive/texlive/2020/texmf-dist/tex/latex/beamer/beamerbasetranslator.
sty
(d:/apps/TexLive/texlive/2020/texmf-dist/tex/latex/translator/translator.sty
Package: translator 2020-08-03 v1.12c Easy translation of strings in LaTeX
))
(d:/apps/TexLive/texlive/2020/texmf-dist/tex/latex/beamer/beamerbasemisc.sty)
(d:/apps/TexLive/texlive/2020/texmf-dist/tex/latex/beamer/beamerbasetwoscreens.
sty)
(d:/apps/TexLive/texlive/2020/texmf-dist/tex/latex/beamer/beamerbaseoverlay.sty
\beamer@argscount=\count290
\beamer@lastskipcover=\skip50
\beamer@trivlistdepth=\count291
) (d:/apps/TexLive/texlive/2020/texmf-dist/tex/latex/beamer/beamerbasetitle.sty
)
(d:/apps/TexLive/texlive/2020/texmf-dist/tex/latex/beamer/beamerbasesection.sty
\c@lecture=\count292
\c@part=\count293
\c@section=\count294
\c@subsection=\count295
\c@subsubsection=\count296
) (d:/apps/TexLive/texlive/2020/texmf-dist/tex/latex/beamer/beamerbaseframe.sty
\beamer@framebox=\box62
\beamer@frametitlebox=\box63
\beamer@zoombox=\box64
\beamer@zoomcount=\count297
\beamer@zoomframecount=\count298
\beamer@frametextheight=\dimen261
\c@subsectionslide=\count299
\beamer@frametopskip=\skip51
\beamer@framebottomskip=\skip52
\beamer@frametopskipautobreak=\skip53
\beamer@framebottomskipautobreak=\skip54
\beamer@envbody=\toks28
\framewidth=\dimen262
\c@framenumber=\count300
)
(d:/apps/TexLive/texlive/2020/texmf-dist/tex/latex/beamer/beamerbaseverbatim.st
y
\beamer@verbatimfileout=\write4
)
(d:/apps/TexLive/texlive/2020/texmf-dist/tex/latex/beamer/beamerbaseframesize.s
ty
\beamer@splitbox=\box65
\beamer@autobreakcount=\count301
\beamer@autobreaklastheight=\dimen263
\beamer@frametitletoks=\toks29
\beamer@framesubtitletoks=\toks30
)
(d:/apps/TexLive/texlive/2020/texmf-dist/tex/latex/beamer/beamerbaseframecompon
ents.sty
\beamer@footins=\box66
)
(d:/apps/TexLive/texlive/2020/texmf-dist/tex/latex/beamer/beamerbasecolor.sty)
(d:/apps/TexLive/texlive/2020/texmf-dist/tex/latex/beamer/beamerbasenotes.sty
\beamer@frameboxcopy=\box67
)
(d:/apps/TexLive/texlive/2020/texmf-dist/tex/latex/beamer/beamerbasetoc.sty)
(d:/apps/TexLive/texlive/2020/texmf-dist/tex/latex/beamer/beamerbasetemplates.s
ty
\beamer@sbttoks=\toks31

(d:/apps/TexLive/texlive/2020/texmf-dist/tex/latex/beamer/beamerbaseauxtemplate
s.sty
(d:/apps/TexLive/texlive/2020/texmf-dist/tex/latex/beamer/beamerbaseboxes.sty
\bmb@box=\box68
\bmb@colorbox=\box69
\bmb@boxshadow=\box70
\bmb@boxshadowball=\box71
\bmb@boxshadowballlarge=\box72
\bmb@temp=\dimen264
\bmb@dima=\dimen265
\bmb@dimb=\dimen266
\bmb@prevheight=\dimen267
)
\beamer@blockheadheight=\dimen268
))
(d:/apps/TexLive/texlive/2020/texmf-dist/tex/latex/beamer/beamerbaselocalstruct
ure.sty (d:/apps/TexLive/texlive/2020/texmf-dist/tex/latex/tools/enumerate.sty
Package: enumerate 2015/07/23 v3.00 enumerate extensions (DPC)
\@enLab=\toks32
)
\c@figure=\count302
\c@table=\count303
\abovecaptionskip=\skip55
\belowcaptionskip=\skip56
)
(d:/apps/TexLive/texlive/2020/texmf-dist/tex/latex/beamer/beamerbasenavigation.
sty
\beamer@section@min@dim=\dimen269
)
(d:/apps/TexLive/texlive/2020/texmf-dist/tex/latex/beamer/beamerbasetheorems.st
y (d:/apps/TexLive/texlive/2020/texmf-dist/tex/latex/amsmath/amsmath.sty
Package: amsmath 2020/09/23 v2.17i AMS math features
\@mathmargin=\skip57

For additional information on amsmath, use the `?' option.
(d:/apps/TexLive/texlive/2020/texmf-dist/tex/latex/amsmath/amstext.sty
Package: amstext 2000/06/29 v2.01 AMS text

(d:/apps/TexLive/texlive/2020/texmf-dist/tex/latex/amsmath/amsgen.sty
File: amsgen.sty 1999/11/30 v2.0 generic functions
\@emptytoks=\toks33
\ex@=\dimen270
))
(d:/apps/TexLive/texlive/2020/texmf-dist/tex/latex/amsmath/amsbsy.sty
Package: amsbsy 1999/11/29 v1.2d Bold Symbols
\pmbraise@=\dimen271
)
(d:/apps/TexLive/texlive/2020/texmf-dist/tex/latex/amsmath/amsopn.sty
Package: amsopn 2016/03/08 v2.02 operator names
)
\inf@bad=\count304
LaTeX Info: Redefining \frac on input line 234.
\uproot@=\count305
\leftroot@=\count306
LaTeX Info: Redefining \overline on input line 399.
\classnum@=\count307
\DOTSCASE@=\count308
LaTeX Info: Redefining \ldots on input line 496.
LaTeX Info: Redefining \dots on input line 499.
LaTeX Info: Redefining \cdots on input line 620.
\Mathstrutbox@=\box73
\strutbox@=\box74
\big@size=\dimen272
LaTeX Font Info:    Redeclaring font encoding OML on input line 743.
LaTeX Font Info:    Redeclaring font encoding OMS on input line 744.
\macc@depth=\count309
\c@MaxMatrixCols=\count310
\dotsspace@=\muskip17
\c@parentequation=\count311
\dspbrk@lvl=\count312
\tag@help=\toks34
\row@=\count313
\column@=\count314
\maxfields@=\count315
\andhelp@=\toks35
\eqnshift@=\dimen273
\alignsep@=\dimen274
\tagshift@=\dimen275
\tagwidth@=\dimen276
\totwidth@=\dimen277
\lineht@=\dimen278
\@envbody=\toks36
\multlinegap=\skip58
\multlinetaggap=\skip59
\mathdisplay@stack=\toks37
LaTeX Info: Redefining \[ on input line 2923.
LaTeX Info: Redefining \] on input line 2924.
)
(d:/apps/TexLive/texlive/2020/texmf-dist/tex/latex/amscls/amsthm.sty
Package: amsthm 2020/05/29 v2.20.6
\thm@style=\toks38
\thm@bodyfont=\toks39
\thm@headfont=\toks40
\thm@notefont=\toks41
\thm@headpunct=\toks42
\thm@preskip=\skip60
\thm@postskip=\skip61
\thm@headsep=\skip62
\dth@everypar=\toks43
)
\c@theorem=\count316
)
(d:/apps/TexLive/texlive/2020/texmf-dist/tex/latex/beamer/beamerbasethemes.sty)
)
(d:/apps/TexLive/texlive/2020/texmf-dist/tex/latex/beamer/beamerthemedefault.st
y
(d:/apps/TexLive/texlive/2020/texmf-dist/tex/latex/beamer/beamerfontthemedefaul
t.sty)
(d:/apps/TexLive/texlive/2020/texmf-dist/tex/latex/beamer/beamercolorthemedefau
lt.sty)
(d:/apps/TexLive/texlive/2020/texmf-dist/tex/latex/beamer/beamerinnerthemedefau
lt.sty
\beamer@dima=\dimen279
\beamer@dimb=\dimen280
)
(d:/apps/TexLive/texlive/2020/texmf-dist/tex/latex/beamer/beamerouterthemedefau
lt.sty)))
(d:/apps/TexLive/texlive/2020/texmf-dist/tex/latex/beamerposter/beamerposter.st
y
Package: beamerposter 2018/04/23 v.1.13 latex-beamer poster extension
 (d:/apps/TexLive/texlive/2020/texmf-dist/tex/latex/xkeyval/xkeyval.sty
Package: xkeyval 2014/12/03 v2.7a package option processing (HA)

(d:/apps/TexLive/texlive/2020/texmf-dist/tex/generic/xkeyval/xkeyval.tex
(d:/apps/TexLive/texlive/2020/texmf-dist/tex/generic/xkeyval/xkvutils.tex
\XKV@toks=\toks44
\XKV@tempa@toks=\toks45
)
\XKV@depth=\count317
File: xkeyval.tex 2014/12/03 v2.7a key=value parser (HA)
))
(d:/apps/TexLive/texlive/2020/texmf-dist/tex/latex/type1cm/type1cm.sty
Package: type1cm 2002/09/05 v0.04 BlueSky/Y&Y Type1 CM font definitions (DPC, p
atched RF)
)
(d:/apps/TexLive/texlive/2020/texmf-dist/tex/latex/fp/fp.sty
Package: fp 1995/04/02

`Fixed Point Package', Version 0.8, April 2, 1995 (C) Michael Mehlich
(d:/apps/TexLive/texlive/2020/texmf-dist/tex/latex/fp/defpattern.sty
Package: defpattern 1994/10/12
\actioncount=\count318
)
(d:/apps/TexLive/texlive/2020/texmf-dist/tex/latex/fp/fp-basic.sty
Package: fp-basic 1996/05/13
\FP@xs=\count319
\FP@xia=\count320
\FP@xib=\count321
\FP@xfa=\count322
\FP@xfb=\count323
\FP@rega=\count324
\FP@regb=\count325
\FP@regs=\count326
\FP@times=\count327
)
(d:/apps/TexLive/texlive/2020/texmf-dist/tex/latex/fp/fp-addons.sty
Package: fp-addons 1995/03/15
)
(d:/apps/TexLive/texlive/2020/texmf-dist/tex/latex/fp/fp-snap.sty
Package: fp-snap 1995/04/05
)
(d:/apps/TexLive/texlive/2020/texmf-dist/tex/latex/fp/fp-exp.sty
Package: fp-exp 1995/04/03
)
(d:/apps/TexLive/texlive/2020/texmf-dist/tex/latex/fp/fp-trigo.sty
Package: fp-trigo 1995/04/14
)
(d:/apps/TexLive/texlive/2020/texmf-dist/tex/latex/fp/fp-pas.sty
Package: fp-pas 1994/08/29
)
(d:/apps/TexLive/texlive/2020/texmf-dist/tex/latex/fp/fp-random.sty
Package: fp-random 1995/02/23
\FPseed=\count328
)
(d:/apps/TexLive/texlive/2020/texmf-dist/tex/latex/fp/fp-eqn.sty
Package: fp-eqn 1995/04/03
)
(d:/apps/TexLive/texlive/2020/texmf-dist/tex/latex/fp/fp-upn.sty
Package: fp-upn 1996/10/21
)
(d:/apps/TexLive/texlive/2020/texmf-dist/tex/latex/fp/fp-eval.sty
Package: fp-eval 1995/04/03
))
Package beamerposter Info: checking size input, please wait. on input line 129.

Package beamerposter Info: the input a0\ 1\ was correct, we proceed. on input l
ine 129.
Package beamerposter Info: finished size input check. on input line 129.
Package beamerposter Info: myfontscale=1.0 on input line 129.
Package beamerposter Info: checking orientation input, please wait. on input li
ne 130.
Package beamerposter Info: the input portrait\ 0\ was correct, we proceed. on i
nput line 130.
Package beamerposter Info: finished orientation check. on input line 130.
Package beamerposter Info: checking size input, please wait. on input line 130.

Package beamerposter Info: the input a0\ 1\ was correct, we proceed. on input l
ine 130.
Package beamerposter Info: finished size input check. on input line 130.
Package beamerposter Info: myfontscale=1.3 on input line 130.
 ( FP-UPN
( FP-MUL ) ( FP-ROUND ) )
\tmp=\dimen281
Package beamerposter Info: paperwidth=2392.87694pt, paperheight=3383.0325pt on 
input line 173.
Package beamerposter Info: textwidth=2364.42418pt, textheight=3354.57974pt on i
nput line 174.
Package beamerposter Info: fontscale=1.0, myfontscale=1.30 on input line 175.
 ( FP-UPN ( FP-MUL ) ( FP-ROUND ) ) ( FP-UPN ( FP-MUL
) ( FP-ROUND ) ) ( FP-UPN ( FP-MUL ) ( FP-ROUND ) ) ( FP-UPN ( FP-MUL )
( FP-ROUND ) ) ( FP-UPN ( FP-MUL ) ( FP-ROUND ) ) ( FP-UPN ( FP-MUL )
( FP-ROUND ) ) ( FP-UPN ( FP-MUL ) ( FP-ROUND ) ) ( FP-UPN ( FP-MUL )
( FP-ROUND ) ) ( FP-UPN ( FP-MUL ) ( FP-ROUND ) ) ( FP-UPN ( FP-MUL )
( FP-ROUND ) ) ( FP-UPN ( FP-MUL ) ( FP-ROUND ) ) ( FP-UPN ( FP-MUL )
( FP-ROUND ) ) ( FP-UPN ( FP-MUL ) ( FP-ROUND ) ) ( FP-UPN ( FP-MUL )
( FP-ROUND ) ) ( FP-UPN ( FP-MUL ) ( FP-ROUND ) ) ( FP-UPN ( FP-MUL )
( FP-ROUND ) ) ( FP-UPN ( FP-MUL ) ( FP-ROUND ) ) ( FP-UPN ( FP-MUL )
( FP-ROUND ) ) ( FP-UPN ( FP-MUL ) ( FP-ROUND ) ) ( FP-UPN ( FP-MUL )
( FP-ROUND ) ) ( FP-UPN ( FP-MUL ) ( FP-ROUND ) ) ( FP-UPN ( FP-MUL )
( FP-ROUND ) ) ( FP-UPN ( FP-MUL ) ( FP-ROUND ) ) ( FP-UPN ( FP-MUL )
( FP-ROUND ) ) ( FP-UPN ( FP-MUL ) ( FP-ROUND ) ) ( FP-UPN ( FP-MUL )
( FP-ROUND ) ) ( FP-UPN ( FP-MUL ) ( FP-ROUND ) ) ( FP-UPN ( FP-MUL )
( FP-ROUND ) ) ( FP-UPN ( FP-MUL ) ( FP-ROUND ) ) ( FP-UPN ( FP-MUL )
( FP-ROUND ) ) ( FP-UPN ( FP-MUL ) ( FP-ROUND ) ) ( FP-UPN ( FP-MUL )
( FP-ROUND ) )) (./beamerthemeDemo.sty
Package: beamerthemeDemo 

(d:/apps/TexLive/texlive/2020/texmf-dist/tex/latex/wrapfig/wrapfig.sty
\wrapoverhang=\dimen282
\WF@size=\dimen283
\c@WF@wrappedlines=\count329
\WF@box=\box75
\WF@everypar=\toks46
Package: wrapfig 2003/01/31  v 3.6
))
(d:/apps/TexLive/texlive/2020/texmf-dist/tex/latex/base/inputenc.sty
Package: inputenc 2020/08/01 v1.3d Input encoding file
\inpenc@prehook=\toks47
\inpenc@posthook=\toks48
)
(d:/apps/TexLive/texlive/2020/texmf-dist/tex/latex/blindtext/blindtext.sty
Package: blindtext 2012/01/06 V2.0 blindtext-Package

(d:/apps/TexLive/texlive/2020/texmf-dist/tex/latex/tools/xspace.sty
Package: xspace 2014/10/28 v1.13 Space after command names (DPC,MH)
)
\c@blindtext=\count330
\c@Blindtext=\count331
\c@blind@countparstart=\count332
\blind@countxx=\count333
\blindtext@numBlindtext=\count334
\blind@countyy=\count335
\c@blindlist=\count336
\c@blindlistlevel=\count337
\c@blindlist@level=\count338
\blind@listitem=\count339
\c@blind@listcount=\count340
\c@blind@levelcount=\count341
\blind@mathformula=\count342
\blind@Mathformula=\count343
\c@blind@randomcount=\count344
\c@blind@randommax=\count345
\c@blind@pangramcount=\count346
\c@blind@pangrammax=\count347
)
(d:/apps/TexLive/texlive/2020/texmf-dist/tex/latex/base/latexsym.sty
Package: latexsym 1998/08/17 v2.2e Standard LaTeX package (lasy symbols)
\symlasy=\mathgroup6
LaTeX Font Info:    Overwriting symbol font `lasy' in version `bold'
(Font)                  U/lasy/m/n --> U/lasy/b/n on input line 52.
)
(d:/apps/TexLive/texlive/2020/texmf-dist/tex/latex/ragged2e/ragged2e.sty
Package: ragged2e 2019/07/28 v2.2 ragged2e Package (MS)


LaTeX Warning: Command \@arrayparboxrestore  has changed.
               Check if current package is valid.

(d:/apps/TexLive/texlive/2020/texmf-dist/tex/latex/ms/everysel.sty
Package: everysel 2011/10/28 v1.2 EverySelectfont Package (MS)
)
(d:/apps/TexLive/texlive/2020/texmf-dist/tex/latex/footmisc/footmisc.sty
Package: footmisc 2011/06/06 v5.5b a miscellany of footnote facilities
\FN@temptoken=\toks49
\footnotemargin=\dimen284
\c@pp@next@reset=\count348
Package footmisc Info: Declaring symbol style bringhurst on input line 855.
Package footmisc Info: Declaring symbol style chicago on input line 863.
Package footmisc Info: Declaring symbol style wiley on input line 872.
Package footmisc Info: Declaring symbol style lamport-robust on input line 883.

Package footmisc Info: Declaring symbol style lamport* on input line 903.
Package footmisc Info: Declaring symbol style lamport*-robust on input line 924
.
)
\CenteringLeftskip=\skip63
\RaggedLeftLeftskip=\skip64
\RaggedRightLeftskip=\skip65
\CenteringRightskip=\skip66
\RaggedLeftRightskip=\skip67
\RaggedRightRightskip=\skip68
\CenteringParfillskip=\skip69
\RaggedLeftParfillskip=\skip70
\RaggedRightParfillskip=\skip71
\JustifyingParfillskip=\skip72
\CenteringParindent=\skip73
\RaggedLeftParindent=\skip74
\RaggedRightParindent=\skip75
\JustifyingParindent=\skip76
)
(d:/apps/TexLive/texlive/2020/texmf-dist/tex/latex/beamer/beamerfontthemeserif.
sty) (d:/apps/TexLive/texlive/2020/texmf-dist/tex/latex/booktabs/booktabs.sty
Package: booktabs 2020/01/12 v1.61803398 Publication quality tables
\heavyrulewidth=\dimen285
\lightrulewidth=\dimen286
\cmidrulewidth=\dimen287
\belowrulesep=\dimen288
\belowbottomsep=\dimen289
\aboverulesep=\dimen290
\abovetopsep=\dimen291
\cmidrulesep=\dimen292
\cmidrulekern=\dimen293
\defaultaddspace=\dimen294
\@cmidla=\count349
\@cmidlb=\count350
\@aboverulesep=\dimen295
\@belowrulesep=\dimen296
\@thisruleclass=\count351
\@lastruleclass=\count352
\@thisrulewidth=\dimen297
)
(d:/apps/TexLive/texlive/2020/texmf-dist/tex/latex/microtype/microtype.sty
Package: microtype 2019/11/18 v2.7d Micro-typographical refinements (RS)
\MT@toks=\toks50
\MT@count=\count353
LaTeX Info: Redefining \textls on input line 790.
\MT@outer@kern=\dimen298
LaTeX Info: Redefining \textmicrotypecontext on input line 1354.
\MT@listname@count=\count354

(d:/apps/TexLive/texlive/2020/texmf-dist/tex/latex/microtype/microtype-pdftex.d
ef
File: microtype-pdftex.def 2019/11/18 v2.7d Definitions specific to pdftex (RS)

LaTeX Info: Redefining \lsstyle on input line 914.
LaTeX Info: Redefining \lslig on input line 914.
\MT@outer@space=\skip77
)
Package microtype Info: Loading configuration file microtype.cfg.
 (d:/apps/TexLive/texlive/2020/texmf-dist/tex/latex/microtype/microtype.cfg
File: microtype.cfg 2019/11/18 v2.7d microtype main configuration file (RS)
)) (d:/apps/TexLive/texlive/2020/texmf-dist/tex/latex/listings/listings.sty
\lst@mode=\count355
\lst@gtempboxa=\box76
\lst@token=\toks51
\lst@length=\count356
\lst@currlwidth=\dimen299
\lst@column=\count357
\lst@pos=\count358
\lst@lostspace=\dimen300
\lst@width=\dimen301
\lst@newlines=\count359
\lst@lineno=\count360
\lst@maxwidth=\dimen302

(d:/apps/TexLive/texlive/2020/texmf-dist/tex/latex/listings/lstmisc.sty
File: lstmisc.sty 2020/03/24 1.8d (Carsten Heinz)
\c@lstnumber=\count361
\lst@skipnumbers=\count362
\lst@framebox=\box77
)
(d:/apps/TexLive/texlive/2020/texmf-dist/tex/latex/listings/listings.cfg
File: listings.cfg 2020/03/24 1.8d listings configuration
))
Package: listings 2020/03/24 1.8d (Carsten Heinz)

(d:/apps/TexLive/texlive/2020/texmf-dist/tex/latex/float/float.sty
Package: float 2001/11/08 v1.3d Float enhancements (AL)
\c@float@type=\count363
\float@exts=\toks52
\float@box=\box78
\@float@everytoks=\toks53
\@floatcapt=\box79
)
(d:/apps/TexLive/texlive/2020/texmf-dist/tex/latex/natbib/natbib.sty
Package: natbib 2010/09/13 8.31b (PWD, AO)
\bibhang=\skip78
\bibsep=\skip79
LaTeX Info: Redefining \cite on input line 694.
\c@NAT@ctr=\count364
)
(d:/apps/TexLive/texlive/2020/texmf-dist/tex/latex/l3backend/l3backend-pdftex.d
ef
File: l3backend-pdftex.def 2020-09-24 L3 backend support: PDF output (pdfTeX)
\l__kernel_color_stack_int=\count365
\l__pdf_internal_box=\box80
) (./My_posta.aux

LaTeX Warning: Label `fig:frenchriot' multiply defined.


LaTeX Warning: Label `fig:frenchriot' multiply defined.


LaTeX Warning: Label `fig:frenchriot' multiply defined.


LaTeX Warning: Label `fig:frenchriot' multiply defined.


LaTeX Warning: Label `fig:frenchriot' multiply defined.


LaTeX Warning: Label `fig:yu' multiply defined.


LaTeX Warning: Label `fig:yu' multiply defined.

)
\openout1 = `My_posta.aux'.

LaTeX Font Info:    Checking defaults for OML/cmm/m/it on input line 73.
LaTeX Font Info:    ... okay on input line 73.
LaTeX Font Info:    Checking defaults for OMS/cmsy/m/n on input line 73.
LaTeX Font Info:    ... okay on input line 73.
LaTeX Font Info:    Checking defaults for OT1/cmr/m/n on input line 73.
LaTeX Font Info:    ... okay on input line 73.
LaTeX Font Info:    Checking defaults for T1/cmr/m/n on input line 73.
LaTeX Font Info:    ... okay on input line 73.
LaTeX Font Info:    Checking defaults for TS1/cmr/m/n on input line 73.
LaTeX Font Info:    ... okay on input line 73.
LaTeX Font Info:    Checking defaults for OMX/cmex/m/n on input line 73.
LaTeX Font Info:    ... okay on input line 73.
LaTeX Font Info:    Checking defaults for U/cmr/m/n on input line 73.
LaTeX Font Info:    ... okay on input line 73.
LaTeX Font Info:    Checking defaults for PD1/pdf/m/n on input line 73.
LaTeX Font Info:    ... okay on input line 73.

*geometry* driver: auto-detecting
*geometry* detected driver: pdftex
*geometry* verbose mode - [ preamble ] result:
* driver: pdftex
* paper: custom
* layout: <same size as paper>
* layoutoffset:(h,v)=(0.0pt,0.0pt)
* modes: includehead includefoot 
* h-part:(L,W,R)=(28.45274pt, 2335.97145pt, 28.45274pt)
* v-part:(T,H,B)=(0.0pt, 3383.0325pt, 0.0pt)
* \paperwidth=2392.87694pt
* \paperheight=3383.0325pt
* \textwidth=2335.97145pt
* \textheight=3354.57977pt
* \oddsidemargin=-43.81725pt
* \evensidemargin=-43.81725pt
* \topmargin=-72.26999pt
* \headheight=14.22636pt
* \headsep=0.0pt
* \topskip=11.0pt
* \footskip=14.22636pt
* \marginparwidth=4.0pt
* \marginparsep=10.0pt
* \columnsep=10.0pt
* \skip\footins=10.0pt plus 4.0pt minus 2.0pt
* \hoffset=0.0pt
* \voffset=0.0pt
* \mag=1000
* \@twocolumnfalse
* \@twosidefalse
* \@mparswitchfalse
* \@reversemarginfalse
* (1in=72.27pt=25.4mm, 1cm=28.453pt)

(d:/apps/TexLive/texlive/2020/texmf-dist/tex/context/base/mkii/supp-pdf.mkii
[Loading MPS to PDF converter (version 2006.09.02).]
\scratchcounter=\count366
\scratchdimen=\dimen303
\scratchbox=\box81
\nofMPsegments=\count367
\nofMParguments=\count368
\everyMPshowfont=\toks54
\MPscratchCnt=\count369
\MPscratchDim=\dimen304
\MPnumerator=\count370
\makeMPintoPDFobject=\count371
\everyMPtoPDFconversion=\toks55
)
(d:/apps/TexLive/texlive/2020/texmf-dist/tex/latex/epstopdf-pkg/epstopdf-base.s
ty
Package: epstopdf-base 2020-01-24 v2.11 Base part for package epstopdf
Package epstopdf-base Info: Redefining graphics rule for `.eps' on input line 4
85.

(d:/apps/TexLive/texlive/2020/texmf-dist/tex/latex/latexconfig/epstopdf-sys.cfg
File: epstopdf-sys.cfg 2010/07/13 v1.3 Configuration of (r)epstopdf for TeX Liv
e
))
Package hyperref Info: Link coloring OFF on input line 73.
 (d:/apps/TexLive/texlive/2020/texmf-dist/tex/latex/hyperref/nameref.sty
Package: nameref 2019/09/16 v2.46 Cross-referencing by name of section

(d:/apps/TexLive/texlive/2020/texmf-dist/tex/latex/refcount/refcount.sty
Package: refcount 2019/12/15 v3.6 Data extraction from label references (HO)
)
(d:/apps/TexLive/texlive/2020/texmf-dist/tex/generic/gettitlestring/gettitlestr
ing.sty
Package: gettitlestring 2019/12/15 v1.6 Cleanup title references (HO)
)
\c@section@level=\count372
)
LaTeX Info: Redefining \ref on input line 73.
LaTeX Info: Redefining \pageref on input line 73.
LaTeX Info: Redefining \nameref on input line 73.
 (./My_posta.out) (./My_posta.out)
\@outlinefile=\write5
\openout5 = `My_posta.out'.


(d:/apps/TexLive/texlive/2020/texmf-dist/tex/latex/translator/translator-basic-
dictionary-English.dict
Dictionary: translator-basic-dictionary, Language: English 
)
(d:/apps/TexLive/texlive/2020/texmf-dist/tex/latex/translator/translator-biblio
graphy-dictionary-English.dict
Dictionary: translator-bibliography-dictionary, Language: English 
)
(d:/apps/TexLive/texlive/2020/texmf-dist/tex/latex/translator/translator-enviro
nment-dictionary-English.dict
Dictionary: translator-environment-dictionary, Language: English 
)
(d:/apps/TexLive/texlive/2020/texmf-dist/tex/latex/translator/translator-months
-dictionary-English.dict
Dictionary: translator-months-dictionary, Language: English 
)
(d:/apps/TexLive/texlive/2020/texmf-dist/tex/latex/translator/translator-number
s-dictionary-English.dict
Dictionary: translator-numbers-dictionary, Language: English 
)
(d:/apps/TexLive/texlive/2020/texmf-dist/tex/latex/translator/translator-theore
m-dictionary-English.dict
Dictionary: translator-theorem-dictionary, Language: English 
)
Package ragged2e Info: ABD: executing \RaggedRight on input line 73.
 ABD: EverySelectfont initializing macros
LaTeX Info: Redefining \selectfont on input line 73.
LaTeX Info: Redefining \microtypecontext on input line 73.
Package microtype Info: Generating PDF output.
Package microtype Info: Character protrusion enabled (level 2).
Package microtype Info: Using default protrusion set `alltext'.
Package microtype Info: Automatic font expansion enabled (level 2),
(microtype)             stretch: 20, shrink: 20, step: 1, non-selected.
Package microtype Info: Using default expansion set `basictext'.
LaTeX Info: Redefining \showhyphens on input line 73.
Package microtype Info: No adjustment of tracking.
Package microtype Info: No adjustment of interword spacing.
Package microtype Info: No adjustment of character kerning.
Package microtype Info: Loading generic protrusion settings for font family
(microtype)             `cmss' (encoding: OT1).
(microtype)             For optimal results, create family-specific settings.
(microtype)             See the microtype manual for details.
\c@lstlisting=\count373

(./My_posta.nav)
Package microtype Info: Loading generic protrusion settings for font family
(microtype)             `cmtt' (encoding: OT1).
(microtype)             For optimal results, create family-specific settings.
(microtype)             See the microtype manual for details.
LaTeX Font Info:    Calculating math sizes for size <32.34> on input line 253.

(d:/apps/TexLive/texlive/2020/texmf-dist/tex/latex/microtype/mt-cmr.cfg
File: mt-cmr.cfg 2013/05/19 v2.2 microtype config. file: Computer Modern Roman 
(RS)
)
(d:/apps/TexLive/texlive/2020/texmf-dist/tex/latex/microtype/mt-msa.cfg
File: mt-msa.cfg 2006/02/04 v1.1 microtype config. file: AMS symbols (a) (RS)
)
(d:/apps/TexLive/texlive/2020/texmf-dist/tex/latex/microtype/mt-msb.cfg
File: mt-msb.cfg 2005/06/01 v1.0 microtype config. file: AMS symbols (b) (RS)
)
Overfull \hbox (47.8046pt too wide) detected at line 253
\OML/cmm/m/it/32.34 Agent rule \OT1/cmr/m/n/32.34 : \OML/cmm/m/it/32.34 if G \O
MS/cmsy/m/n/32.34 ^^@ \OML/cmm/m/it/32.34 N > T riot\OT1/cmr/m/n/32.34 ;  \OML/
cmm/m/it/32.34 otherwise stay a civilian
 []

<Police Reductions.png, id=13, 421.575pt x 316.18124pt>
File: Police Reductions.png Graphic file (type png)
<use Police Reductions.png>
Package pdftex.def Info: Police Reductions.png  used on input line 253.
(pdftex.def)             Requested size: 747.52797pt x 560.65874pt.
<Movement visual.png, id=14, 1541.00719pt x 593.21625pt>
File: Movement visual.png Graphic file (type png)
<use Movement visual.png>
Package pdftex.def Info: Movement visual.png  used on input line 253.
(pdftex.def)             Requested size: 747.52797pt x 287.76384pt.
<vision for single case.png, id=16, 1663.71562pt x 726.46407pt>
File: vision for single case.png Graphic file (type png)
<use vision for single case.png>
Package pdftex.def Info: vision for single case.png  used on input line 253.
(pdftex.def)             Requested size: 747.52797pt x 326.40698pt.
<arresting visual.png, id=17, 1338.50063pt x 558.58687pt>
File: arresting visual.png Graphic file (type png)
<use arresting visual.png>
Package pdftex.def Info: arresting visual.png  used on input line 253.
(pdftex.def)             Requested size: 747.52797pt x 311.97122pt.
<smoke visual.png, id=18, 1709.63719pt x 867.24pt>
File: smoke visual.png Graphic file (type png)
<use smoke visual.png>
Package pdftex.def Info: smoke visual.png  used on input line 253.
(pdftex.def)             Requested size: 747.52797pt x 379.19162pt.
<snowball_2.png, id=19, 517.935pt x 548.80031pt>
File: snowball_2.png Graphic file (type png)
<use snowball_2.png>
Package pdftex.def Info: snowball_2.png  used on input line 253.
(pdftex.def)             Requested size: 747.52797pt x 792.16435pt.
<effect of Legitamacy reduction.png, id=20, 421.575pt x 316.18124pt>
File: effect of Legitamacy reduction.png Graphic file (type png)
<use effect of Legitamacy reduction.png>
Package pdftex.def Info: effect of Legitamacy reduction.png  used on input line
 253.
(pdftex.def)             Requested size: 700.79855pt x 525.60852pt.
<sudden effect of Legitamacy reduction.png, id=21, 421.575pt x 316.18124pt>
File: sudden effect of Legitamacy reduction.png Graphic file (type png)
<use sudden effect of Legitamacy reduction.png>
Package pdftex.def Info: sudden effect of Legitamacy reduction.png  used on inp
ut line 253.
(pdftex.def)             Requested size: 700.79855pt x 525.60852pt.
<Outbursts_of_violence.png, id=22, 421.575pt x 316.18124pt>
File: Outbursts_of_violence.png Graphic file (type png)
<use Outbursts_of_violence.png>
Package pdftex.def Info: Outbursts_of_violence.png  used on input line 253.
(pdftex.def)             Requested size: 700.79855pt x 525.60852pt.
<Smokes_affect_on_Outbursts.png, id=23, 421.575pt x 316.18124pt>
File: Smokes_affect_on_Outbursts.png Graphic file (type png)
<use Smokes_affect_on_Outbursts.png>
Package pdftex.def Info: Smokes_affect_on_Outbursts.png  used on input line 253
.
(pdftex.def)             Requested size: 700.79855pt x 525.60852pt.

Overfull \vbox (166.12555pt too high) detected at line 253
 []

[1{d:/apps/TexLive/texlive/2020/texmf-var/fonts/map/pdftex/updmap/pdftex.map}

pdfTeX warning (ext4): destination with the same identifier (name{fig:frenchrio
t}) has been already used, duplicate ignored
<argument> ...shipout:D \box_use:N \l_shipout_box 
                                                  
l.253 		\end{frame}
                    % End of the enclosing framepdfTeX warning (ext4): destinat
ion with the same identifier (name{fig:frenchriot}) has been already used, dupl
icate ignored
<argument> ...shipout:D \box_use:N \l_shipout_box 
                                                  
l.253 		\end{frame}
                    % End of the enclosing framepdfTeX warning (ext4): destinat
ion with the same identifier (name{fig:frenchriot}) has been already used, dupl
icate ignored
<argument> ...shipout:D \box_use:N \l_shipout_box 
                                                  
l.253 		\end{frame}
                    % End of the enclosing framepdfTeX warning (ext4): destinat
ion with the same identifier (name{fig:frenchriot}) has been already used, dupl
icate ignored
<argument> ...shipout:D \box_use:N \l_shipout_box 
                                                  
l.253 		\end{frame}
                    % End of the enclosing framepdfTeX warning (ext4): destinat
ion with the same identifier (name{fig:frenchriot}) has been already used, dupl
icate ignored
<argument> ...shipout:D \box_use:N \l_shipout_box 
                                                  
l.253 		\end{frame}
                    % End of the enclosing framepdfTeX warning (ext4): destinat
ion with the same identifier (name{fig:yu}) has been already used, duplicate ig
nored
<argument> ...shipout:D \box_use:N \l_shipout_box 
                                                  
l.253 		\end{frame}
                    % End of the enclosing framepdfTeX warning (ext4): destinat
ion with the same identifier (name{fig:yu}) has been already used, duplicate ig
nored
<argument> ...shipout:D \box_use:N \l_shipout_box 
                                                  
l.253 		\end{frame}
                    % End of the enclosing frame <./Police Reductions.png (PNG 
copy)> <./Movement visual.png> <./vision for single case.png> <./arresting visu
al.png> <./smoke visual.png> <./snowball_2.png> <./effect of Legitamacy reducti
on.png (PNG copy)> <./sudden effect of Legitamacy reduction.png (PNG copy)> <./
Outbursts_of_violence.png (PNG copy)> <./Smokes_affect_on_Outbursts.png (PNG co
py)>]
\tf@nav=\write6
\openout6 = `My_posta.nav'.

\tf@toc=\write7
\openout7 = `My_posta.toc'.

\tf@snm=\write8
\openout8 = `My_posta.snm'.

 (./My_posta.aux)
Package rerunfilecheck Info: File `My_posta.out' has not changed.
(rerunfilecheck)             Checksum: D41D8CD98F00B204E9800998ECF8427E;0.


LaTeX Warning: There were multiply-defined labels.

 ) 
Here is how much of TeX's memory you used:
 22638 strings out of 479917
 421178 string characters out of 5880229
 834357 words of memory out of 5000000
 38612 multiletter control sequences out of 15000+600000
 544558 words of font info for 78 fonts, out of 8000000 for 9000
 1141 hyphenation exceptions out of 8191
 125i,18n,126p,412b,993s stack positions out of 5000i,500n,10000p,200000b,80000s
<d:/apps/TexLive/texlive/2020/texmf-dist/fonts/type1/public/amsfonts/cm/cmmi1
2.pfb><d:/apps/TexLive/texlive/2020/texmf-dist/fonts/type1/public/amsfonts/cm/c
mr17.pfb><d:/apps/TexLive/texlive/2020/texmf-dist/fonts/type1/public/amsfonts/c
m/cmss17.pfb><d:/apps/TexLive/texlive/2020/texmf-dist/fonts/type1/public/amsfon
ts/cm/cmssbx10.pfb><d:/apps/TexLive/texlive/2020/texmf-dist/fonts/type1/public/
amsfonts/cm/cmsy10.pfb>
Output written on My_posta.pdf (1 page, 1438410 bytes).
PDF statistics:
 62 PDF objects out of 1000 (max. 8388607)
 32 compressed objects within 1 object stream
 6 named destinations out of 1000 (max. 500000)
 12893 words of extra memory for PDF output out of 14400 (max. 10000000)

